
> monolithic-ralph@1.0.0 build
> nuxt build

┌  Building Nuxt for production...
│
●  Nuxt 4.3.1 (with Nitro 2.13.1, Vite 7.3.1 and Vue 3.5.28)
[nuxt:tailwindcss] ℹ Using default Tailwind CSS file
│
●  Nitro preset: node-server
ℹ Building client...
ℹ vite v7.3.1 building client environment for production...
ℹ transforming...
ℹ ✓ 168 modules transformed.
ℹ rendering chunks...
ℹ computing gzip size...
ℹ node_modules/.cache/nuxt/.nuxt/dist/client/manifest.json                   3.47 kB │ gzip:  0.62 kB
ℹ node_modules/.cache/nuxt/.nuxt/dist/client/_nuxt/error-500.BENb_mjk.css    1.91 kB │ gzip:  0.73 kB
ℹ node_modules/.cache/nuxt/.nuxt/dist/client/_nuxt/error-404._yXoGkXB.css    2.43 kB │ gzip:  0.86 kB
ℹ node_modules/.cache/nuxt/.nuxt/dist/client/_nuxt/entry.s4WrndUs.css       16.12 kB │ gzip:  3.44 kB
ℹ node_modules/.cache/nuxt/.nuxt/dist/client/_nuxt/mTTtHeKI.js               0.19 kB │ gzip:  0.17 kB
ℹ node_modules/.cache/nuxt/.nuxt/dist/client/_nuxt/C79hqMFl.js               0.33 kB │ gzip:  0.24 kB
ℹ node_modules/.cache/nuxt/.nuxt/dist/client/_nuxt/C6MTa2bX.js               1.87 kB │ gzip:  0.87 kB
ℹ node_modules/.cache/nuxt/.nuxt/dist/client/_nuxt/DgYeJAa0.js               2.20 kB │ gzip:  1.08 kB
ℹ node_modules/.cache/nuxt/.nuxt/dist/client/_nuxt/DOwE-wZW.js               2.69 kB │ gzip:  1.18 kB
ℹ node_modules/.cache/nuxt/.nuxt/dist/client/_nuxt/YVslmzQq.js               3.48 kB │ gzip:  1.56 kB
ℹ node_modules/.cache/nuxt/.nuxt/dist/client/_nuxt/GFA10X1V.js               3.79 kB │ gzip:  1.71 kB
ℹ node_modules/.cache/nuxt/.nuxt/dist/client/_nuxt/DXJPDDJV.js               4.18 kB │ gzip:  1.74 kB
ℹ node_modules/.cache/nuxt/.nuxt/dist/client/_nuxt/COvMqtzv.js               4.49 kB │ gzip:  1.72 kB
ℹ node_modules/.cache/nuxt/.nuxt/dist/client/_nuxt/Ce8Rj96Y.js               5.28 kB │ gzip:  2.09 kB
ℹ node_modules/.cache/nuxt/.nuxt/dist/client/_nuxt/DCxf1pQ0.js               7.45 kB │ gzip:  2.73 kB
ℹ node_modules/.cache/nuxt/.nuxt/dist/client/_nuxt/BpKgt7B1.js              15.14 kB │ gzip:  6.37 kB
ℹ node_modules/.cache/nuxt/.nuxt/dist/client/_nuxt/CCdD_pZz.js             171.47 kB │ gzip: 64.79 kB
ℹ ✓ built in 921ms
✔ Client built in 928ms
ℹ Building server...
ℹ vite v7.3.1 building ssr environment for production...
ℹ transforming...
ℹ ✓ 94 modules transformed.
ℹ rendering chunks...
ℹ ✓ built in 291ms
✔ Server built in 296ms
[nitro] ✔ Generated public .output/public
[nitro] ℹ Building Nuxt Nitro server (preset: node-server, compatibility date: 2024-11-01)
[nitro] ✔ Nuxt Nitro server built
  ├─ .output/server/chunks/_/auth.mjs (1.51 kB) (628 B gzip)
  ├─ .output/server/chunks/_/auth.mjs.map (1.42 kB) (373 B gzip)
  ├─ .output/server/chunks/_/error-500.mjs (5.09 kB) (2.07 kB gzip)
  ├─ .output/server/chunks/_/error-500.mjs.map (182 B) (154 B gzip)
  ├─ .output/server/chunks/_/prisma.mjs (273 B) (193 B gzip)
  ├─ .output/server/chunks/_/prisma.mjs.map (273 B) (195 B gzip)
  ├─ .output/server/chunks/build/_id_-D5Tc50Mx.mjs (7.57 kB) (2.38 kB gzip)
  ├─ .output/server/chunks/build/_id_-D5Tc50Mx.mjs.map (183 B) (156 B gzip)
  ├─ .output/server/chunks/build/auth-DTDx5Z2Z.mjs (605 B) (292 B gzip)
  ├─ .output/server/chunks/build/auth-DTDx5Z2Z.mjs.map (183 B) (156 B gzip)
  ├─ .output/server/chunks/build/client.precomputed.mjs (7.93 kB) (1.03 kB gzip)
  ├─ .output/server/chunks/build/client.precomputed.mjs.map (188 B) (150 B gzip)
  ├─ .output/server/chunks/build/composables-Ceoo4apg.mjs (732 B) (385 B gzip)
  ├─ .output/server/chunks/build/composables-Ceoo4apg.mjs.map (197 B) (158 B gzip)
  ├─ .output/server/chunks/build/error-404-BONifO1K.mjs (5.64 kB) (2.26 kB gzip)
  ├─ .output/server/chunks/build/error-404-BONifO1K.mjs.map (193 B) (161 B gzip)
  ├─ .output/server/chunks/build/error-404-styles.DtuF77Et.mjs (2.72 kB) (985 B gzip)
  ├─ .output/server/chunks/build/error-404-styles.DtuF77Et.mjs.map (317 B) (190 B gzip)
  ├─ .output/server/chunks/build/error-500-CeVOv8Ps.mjs (4.82 kB) (1.98 kB gzip)
  ├─ .output/server/chunks/build/error-500-CeVOv8Ps.mjs.map (193 B) (162 B gzip)
  ├─ .output/server/chunks/build/error-500-styles.3g_bWYX3.mjs (2.19 kB) (861 B gzip)
  ├─ .output/server/chunks/build/error-500-styles.3g_bWYX3.mjs.map (317 B) (191 B gzip)
  ├─ .output/server/chunks/build/fetch-BNYUjz8P.mjs (17 kB) (4.71 kB gzip)
  ├─ .output/server/chunks/build/fetch-BNYUjz8P.mjs.map (185 B) (159 B gzip)
  ├─ .output/server/chunks/build/index-cqWNcMVF.mjs (11.4 kB) (2.78 kB gzip)
  ├─ .output/server/chunks/build/index-cqWNcMVF.mjs.map (185 B) (158 B gzip)
  ├─ .output/server/chunks/build/login-CdLc4twd.mjs (3.31 kB) (1.3 kB gzip)
  ├─ .output/server/chunks/build/login-CdLc4twd.mjs.map (185 B) (155 B gzip)
  ├─ .output/server/chunks/build/nuxt-link-Dh3vRL2d.mjs (9.57 kB) (2.5 kB gzip)
  ├─ .output/server/chunks/build/nuxt-link-Dh3vRL2d.mjs.map (193 B) (159 B gzip)
  ├─ .output/server/chunks/build/register-DR8BgTCR.mjs (3.72 kB) (1.38 kB gzip)
  ├─ .output/server/chunks/build/register-DR8BgTCR.mjs.map (191 B) (159 B gzip)
  ├─ .output/server/chunks/build/server.mjs (33.3 kB) (8.88 kB gzip)
  ├─ .output/server/chunks/build/server.mjs.map (164 B) (140 B gzip)
  ├─ .output/server/chunks/build/styles.mjs (740 B) (297 B gzip)
  ├─ .output/server/chunks/build/styles.mjs.map (164 B) (142 B gzip)
  ├─ .output/server/chunks/build/submit-Dv_oDnPr.mjs (11 kB) (2.8 kB gzip)
  ├─ .output/server/chunks/build/submit-Dv_oDnPr.mjs.map (187 B) (156 B gzip)
  ├─ .output/server/chunks/nitro/nitro.mjs (178 kB) (44.4 kB gzip)
  ├─ .output/server/chunks/nitro/nitro.mjs.map (3.2 kB) (812 B gzip)
  ├─ .output/server/chunks/routes/api/auth/login.post.mjs (1.7 kB) (652 B gzip)
  ├─ .output/server/chunks/routes/api/auth/login.post.mjs.map (1.45 kB) (370 B gzip)
  ├─ .output/server/chunks/routes/api/auth/logout.post.mjs (517 B) (264 B gzip)
  ├─ .output/server/chunks/routes/api/auth/logout.post.mjs.map (269 B) (174 B gzip)
  ├─ .output/server/chunks/routes/api/auth/me.get.mjs (496 B) (257 B gzip)
  ├─ .output/server/chunks/routes/api/auth/me.get.mjs.map (267 B) (170 B gzip)
  ├─ .output/server/chunks/routes/api/auth/register.post.mjs (1.97 kB) (755 B gzip)
  ├─ .output/server/chunks/routes/api/auth/register.post.mjs.map (1.73 kB) (409 B gzip)
  ├─ .output/server/chunks/routes/api/complaints/_id_.delete.mjs (1.57 kB) (581 B gzip)
  ├─ .output/server/chunks/routes/api/complaints/_id_.delete.mjs.map (1.25 kB) (330 B gzip)
  ├─ .output/server/chunks/routes/api/complaints/_id_.get.mjs (1.12 kB) (474 B gzip)
  ├─ .output/server/chunks/routes/api/complaints/_id_.get.mjs.map (883 B) (296 B gzip)
  ├─ .output/server/chunks/routes/api/index.get.mjs (722 B) (367 B gzip)
  ├─ .output/server/chunks/routes/api/index.get.mjs.map (452 B) (224 B gzip)
  ├─ .output/server/chunks/routes/api/index.post.mjs (1.68 kB) (707 B gzip)
  ├─ .output/server/chunks/routes/api/index.post.mjs.map (1.4 kB) (388 B gzip)
  ├─ .output/server/chunks/routes/api/upload.post.mjs (2.66 kB) (965 B gzip)
  ├─ .output/server/chunks/routes/api/upload.post.mjs.map (2.29 kB) (478 B gzip)
  ├─ .output/server/chunks/routes/renderer.mjs (16.7 kB) (5.28 kB gzip)
  ├─ .output/server/chunks/routes/renderer.mjs.map (845 B) (273 B gzip)
  ├─ .output/server/chunks/virtual/_virtual_spa-template.mjs (94 B) (100 B gzip)
  ├─ .output/server/chunks/virtual/_virtual_spa-template.mjs.map (90 B) (98 B gzip)
  ├─ .output/server/index.mjs (353 B) (205 B gzip)
  └─ .output/server/package.json (886 B) (385 B gzip)
Σ Total size: 2.81 MB (714 kB gzip)
[nitro] ✔ You can preview this build using node .output/server/index.mjs
│
└  ✨ Build complete!
