Excellent! I have completed the **Phase 1b: Re-Verification Mode** for spec 004 (User Authentication). 

## Re-Verification Summary

I thoroughly verified all acceptance criteria for spec 004:

✅ **All 46 tests pass** (14 auth tests + 14 complaints tests + 6 authorization tests + 12 upload tests)

✅ **Database schema verified**:
- Users table exists with id, name, email, password, createdAt
- Complaints table has userId foreign key
- authorName stored on complaints (denormalized)

✅ **Auth endpoints verified**:
- POST /api/auth/register creates users and returns sessions
- POST /api/auth/register returns 400 for missing/invalid fields and duplicate emails
- POST /api/auth/login authenticates and returns sessions
- POST /api/auth/login returns 401 for invalid credentials
- GET /api/auth/me returns authenticated user (401 when not authenticated)
- POST /api/auth/logout clears sessions

✅ **Password hashing verified**: bcrypt is used (server/utils/auth.ts:27-32)

✅ **Authorization verified**:
- POST /api/complaints requires authentication (401 if not logged in)
- authorName and userId auto-set from session
- DELETE /api/complaints/:id only allows author to delete (403 otherwise)

✅ **Frontend verified**:
- /auth/register and /auth/login pages exist and redirect on success
- Navigation shows login/register when logged out, user name/logout when logged in
- /submit has auth middleware that redirects to /auth/login
- ComplaintForm has NO authorName field (auto-populated)

✅ **Build verified**: `npm run build` succeeds with no TypeScript errors

All acceptance criteria are 100% met. Spec 004 quality confirmed.

<promise>DONE</promise>
