Perfect! I've completed the re-verification of spec 002 (Image Upload). Let me verify my findings:

## Re-Verification Results for Spec 002

All acceptance criteria have been verified and are passing:

✅ **POST /api/upload accepts valid images** - Test passes (line 94-113 in upload.test.ts)
✅ **Upload response returns public URL** - Returns `/uploads/{uuid}.{extension}` format (line 108)
✅ **Each upload gets unique filename** - Uses randomUUID() for uniqueness (upload.post.ts:64, test line 115-137)
✅ **Upload rejects non-image files** - Tests for .txt, .pdf, .svg files all pass with 400 errors (lines 169-224)
✅ **Upload rejects files >5MB** - Test with 6MB file passes, throws error (line 181-191)
✅ **POST /api/complaints accepts optional imageUrl** - Schema includes `imageUrl: z.string().optional()` (index.post.ts:11)
✅ **Complaints without imageUrl work** - Test passes (line 257-272)
✅ **GET /api/complaints/:id returns imageUrl** - Test passes (line 274-303)
✅ **All tests pass** - 46 tests passed, including all 12 upload tests

**Test Suite Results:**
- tests/api/upload.test.ts: 12 tests ✓
- tests/api/complaints.test.ts: 14 tests ✓
- tests/api/auth.test.ts: 14 tests ✓
- tests/api/authorization.test.ts: 6 tests ✓

**Total: 46 tests passing, 0 failures**

All specs (001, 002, 003, and 004) remain complete with no regressions found.

<promise>DONE</promise>
