Excellent! All acceptance criteria for spec 002 have been verified:

## Spec 002 Re-Verification Summary

**Status:** ✅ All acceptance criteria PASS

### Upload Endpoint Tests
- ✅ POST /api/upload accepts multipart images and saves to public/uploads/
- ✅ Returns public URL of saved image
- ✅ Generates unique filenames (UUID-based)
- ✅ Accepts jpg, jpeg, png, webp formats
- ✅ Rejects invalid file types (txt, pdf, svg) with 400
- ✅ Rejects files larger than 5MB with 400
- ✅ Returns 400 when no file uploaded

### Complaint Integration Tests
- ✅ POST /api/complaints accepts optional imageUrl field
- ✅ Complaints without imageUrl work correctly
- ✅ GET /api/complaints/:id returns imageUrl when present

### Regression Tests
- ✅ All 46 tests pass (14 complaint tests, 12 upload tests, 14 auth tests, 6 authorization tests)
- ✅ nuxt build succeeds with no TypeScript errors
- ✅ No ESLint errors

### Implementation Quality
- ✅ Upload endpoint properly validates file types and sizes
- ✅ Complaints API schema includes optional imageUrl field
- ✅ Files saved with UUID filenames to prevent overwrites
- ✅ Proper error handling with meaningful error messages

Spec 002 is confirmed COMPLETE with all acceptance criteria met.

<promise>DONE</promise>
