Perfect! I've completed the re-verification of spec 003. Here's what I verified:

## Re-Verification Summary for Spec 003 - Frontend Pages

✅ **All acceptance criteria verified:**

1. **Build & TypeScript**: `npm run build` succeeded with no TypeScript errors
2. **Tests**: All 46 tests pass (covering Phases 1-4 including backend APIs)
3. **Pages Structure**:
   - `/` (index.vue) - Home feed displaying complaints
   - `/submit` (submit.vue) - Submission form with auth middleware
   - `/complaints/:id` ([id].vue) - Detail view
   - Auth pages: `/auth/login` and `/auth/register`

4. **Components**:
   - ComplaintCard.vue - Shows title, body preview, image, author, category, relative time ✅
   - ComplaintForm.vue - Full submission form with validation ✅
   - ImageUpload.vue - Image preview functionality ✅
   - CategoryBadge.vue - Styled category labels ✅

5. **Technical Requirements**:
   - All 10 Vue files use `<script setup lang="ts">` ✅
   - Tailwind CSS utilities used throughout (11+ responsive breakpoints found) ✅
   - No manual imports of auto-imported APIs (only type imports) ✅
   - Mobile-first responsive design with md:, sm:, lg: breakpoints ✅

6. **Functionality**:
   - Cards link to `/complaints/:id` ✅
   - Form validation and error feedback ✅
   - Not-found message for invalid IDs ✅
   - Empty state handling ✅
   - Auth middleware protects `/submit` ✅

**Result**: Spec 003 is truly complete with all criteria met. No regressions found.

<promise>DONE</promise>
