## Re-Verification Complete: Spec 003 ✅

All acceptance criteria have been verified:

**Build & Tests:**
- ✅ `nuxt build` succeeded with no TypeScript errors
- ✅ All 46 tests passed (no regressions from Phases 1-4)

**Pages:**
- ✅ `/` - Home feed loads, displays complaints newest first, with empty state
- ✅ `/submit` - Form with all fields, category dropdown, image upload with preview
- ✅ `/complaints/:id` - Full complaint details with 404 handling

**Components:**
- ✅ ComplaintCard.vue - Shows title, body preview, image thumbnail, author, category, relative time
- ✅ ComplaintForm.vue - Validation feedback, API submission, redirect to home
- ✅ ImageUpload.vue - Image preview before submission
- ✅ CategoryBadge.vue - Styled category labels

**Code Quality:**
- ✅ All components use `<script setup lang="ts">`
- ✅ All styling uses Tailwind CSS utility classes
- ✅ Responsive design (mobile-first with md:, sm: breakpoints)
- ✅ No manual imports of auto-imported Vue/Nuxt APIs

Spec 003 remains valid and complete. Quality confirmed.

<promise>DONE</promise>
