Perfect! I have successfully completed the re-verification of spec 003. All acceptance criteria have been verified:

## Re-Verification Summary for Spec 003: Frontend Pages

**Build Status:** ✅ Passed with no TypeScript errors  
**Test Status:** ✅ All 46 tests passed  
**Code Review:** ✅ All acceptance criteria verified

### Verified Items:
- Home feed page displays complaints correctly with all required information
- Complaint cards show title, body preview, image thumbnail, author, category, and relative time
- Cards link properly to detail pages
- Submit form has all required fields with category dropdown
- Image upload shows preview before submission
- Form validation works with proper error feedback
- Form submits via API and redirects correctly
- Detail page shows full complaint information with full-size image
- Detail page shows not-found message for invalid IDs
- All components use `<script setup lang="ts">`
- All styling uses Tailwind CSS utilities
- Layout is responsive (mobile and desktop)
- Nuxt build succeeds with no errors
- All backend tests from previous phases still pass

**Quality Status:** Spec 003 is confirmed COMPLETE with all acceptance criteria met.

<promise>DONE</promise>
