Excellent! All tests are passing. Let me now perform a final verification checklist:

## Spec 002 Completion Verification

✅ **Implementation matches all requirements**
- POST /api/upload endpoint created with file validation
- Accepts jpg, jpeg, png, webp files
- Rejects files over 5MB
- Generates unique UUID filenames
- Saves to public/uploads/
- Returns public URL

✅ **All tests pass**
- 27 tests passing (15 from complaints API + 12 from upload API)
- No test failures

✅ **All acceptance criteria verified**
- [x] Upload endpoint accepts multipart images
- [x] Returns public URL
- [x] Unique filenames (UUID-based)
- [x] File type validation
- [x] File size validation
- [x] Complaints API accepts optional imageUrl
- [x] Complaints work without imageUrl
- [x] GET returns imageUrl when present
- [x] Tests cover all scenarios
- [x] No regressions in Phase 1 tests

✅ **Changes committed**
- Commit a876b09 created with descriptive message
- Spec marked as COMPLETE

✅ **Spec marked as complete**
- Status: COMPLETE added to specs/002-image-upload.md

<promise>DONE</promise>
