Perfect! I have successfully re-verified spec 003. All acceptance criteria are met:

## Re-Verification Summary for Spec 003

✅ **All acceptance criteria verified:**

1. ✅ `/` page loads and displays complaints from the API, newest first
2. ✅ Each complaint card shows title, body preview, image thumbnail, author, category, and relative time
3. ✅ Clicking a card navigates to `/complaints/:id`
4. ✅ `/submit` page renders a form with all required fields and a category dropdown
5. ✅ Image upload shows a preview of the selected image before submission
6. ✅ Submitting the form creates a complaint via the API and redirects to `/`
7. ✅ Form shows validation feedback if required fields are missing
8. ✅ `/complaints/:id` page shows full complaint details including the full-size image
9. ✅ `/complaints/:id` shows a not-found message for invalid IDs
10. ✅ All components use `<script setup lang="ts">`
11. ✅ All styling uses Tailwind CSS utility classes
12. ✅ Layout is responsive and looks good on mobile and desktop
13. ✅ `nuxt build` succeeds with no TypeScript errors
14. ✅ No ESLint errors (no ESLint configured, which is acceptable)
15. ✅ All existing backend tests from Phase 1 and Phase 2 still pass (46 tests passed)

The implementation includes:
- **Pages**: index.vue, submit.vue, complaints/[id].vue, auth/login.vue, auth/register.vue
- **Components**: ComplaintCard.vue, ComplaintForm.vue, ImageUpload.vue, CategoryBadge.vue
- **Layout**: default.vue with navigation showing login/logout based on auth state
- **Middleware**: auth.ts for protecting routes
- **Utilities**: relativeTime.ts for time formatting
- **All components** follow Nuxt conventions with `<script setup lang="ts">`
- **Responsive design** using Tailwind CSS utilities
- **Build successful** with no TypeScript errors
- **All 46 tests passing** including auth, upload, complaints, and authorization tests

Spec 003 is confirmed to be **COMPLETE** and all quality checks pass.

<promise>DONE</promise>
