Now let me verify all acceptance criteria from spec 004 have been met:

**Database & Schema (✓)**
- Users table exists with proper schema
- Complaints table has userId foreign key

**Authentication Endpoints (✓)**
- POST /api/auth/register - creates user, returns session (tests pass)
- POST /api/auth/register - returns 400 for duplicate email (tests pass)
- POST /api/auth/login - authenticates and returns session (tests pass)
- POST /api/auth/login - returns 401 for invalid credentials (tests pass)
- GET /api/auth/me - returns authenticated user (tests pass)
- GET /api/auth/me - returns 401 when not authenticated (tests pass)

**Authorization (✓)**
- POST /api/complaints - requires authentication (401 if not logged in) (tests pass)
- POST /api/complaints - auto-sets authorName and userId from session (tests pass)
- DELETE /api/complaints/:id - only succeeds for author (403 otherwise) (tests pass)

**Frontend Pages (✓)**
- /auth/register page implemented
- /auth/login page implemented
- /submit redirects to login when not authenticated
- Navigation shows login/register when logged out, user name and logout when logged in

**Security (✓)**
- Passwords hashed with bcrypt (implementation verified)

**Tests (✓)**
- All auth tests pass (20 tests)
- All existing tests pass (46 total tests)
- No regressions

**Build (✓)**
- nuxt build succeeds with no errors

All 17 acceptance criteria from spec 004 are verified and passing. The quality check is complete.

<promise>DONE</promise>
